ANSI/NIST files in set:
c:/srcp4/projects/NBIS/BBandini_Test/an2k/data/a001-aseg.an2

c:/srcp4/projects/NBIS/BBandini_Test/an2k/data/a001-seg.an2

c:/srcp4/projects/NBIS/BBandini_Test/an2k/data/a001_jp2.an2

c:/srcp4/projects/NBIS/BBandini_Test/an2k/data/a001_jp2l.an2

c:/srcp4/projects/NBIS/BBandini_Test/an2k/data/a001_jpb.an2

c:/srcp4/projects/NBIS/BBandini_Test/an2k/data/a001_jpl.an2

c:/srcp4/projects/NBIS/BBandini_Test/an2k/data/a001_png.an2

c:/srcp4/projects/NBIS/BBandini_Test/an2k/data/a001_raw.an2

c:/srcp4/projects/NBIS/BBandini_Test/an2k/data/a010_14.an2

c:/srcp4/projects/NBIS/BBandini_Test/an2k/data/face_jp2.an2

c:/srcp4/projects/NBIS/BBandini_Test/an2k/data/face_jp2l.an2

c:/srcp4/projects/NBIS/BBandini_Test/an2k/data/face_jpb.an2

c:/srcp4/projects/NBIS/BBandini_Test/an2k/data/face_jpl.an2

c:/srcp4/projects/NBIS/BBandini_Test/an2k/data/face_png.an2

c:/srcp4/projects/NBIS/BBandini_Test/an2k/data/face_raw.an2

c:/srcp4/projects/NBIS/BBandini_Test/an2k/data/iafis.an2

c:/srcp4/projects/NBIS/BBandini_Test/an2k/data/nist-seg.an2

c:/srcp4/projects/NBIS/BBandini_Test/an2k/data/nist.an2

c:/srcp4/projects/NBIS/BBandini_Test/an2k/data/nist_jp2.an2



INVALID ANSI/NIST file(s):
NONE

Files with INVALID extension(s):
c:/srcp4/projects/NBIS/BBandini_Test/an2k/data/histogen_opts_all.log
c:/srcp4/projects/NBIS/BBandini_Test/an2k/data/histogen_opts_none.log


[1.001]:19
[1.002]:19
[1.003]:308
[1.004]:19
[1.005]:19
[1.006]:13
[1.007]:19
[1.008]:19
[1.009]:19
[1.011]:19
[1.012]:19
[4.001]:2
[4.002]:2
[4.003]:2
[4.004]:12
[4.005]:2
[4.006]:2
[4.007]:2
[4.008]:2
[4.009]:2
[9.001]:8
[9.002]:8
[9.003]:8
[9.004]:8
[9.005]:12
[9.006]:6
[9.007]:12
[9.008]:6
[9.009]:6
[9.010]:6
[9.011]:6
[9.012]:3456
[9.014]:2
[9.015]:2
[9.016]:6
[9.017]:6
[9.020]:2
[9.021]:6
[9.022]:10
[9.023]:1248
[10.001]:6
[10.002]:6
[10.003]:6
[10.004]:6
[10.005]:6
[10.006]:6
[10.007]:6
[10.008]:6
[10.009]:6
[10.010]:6
[10.011]:6
[10.012]:6
[10.013]:6
[10.020]:6
[10.999]:6
[13.001]:3
[13.002]:3
[13.003]:3
[13.004]:3
[13.005]:3
[13.006]:3
[13.007]:3
[13.008]:3
[13.009]:3
[13.010]:3
[13.011]:3
[13.012]:3
[13.013]:3
[13.999]:3
[14.001]:116
[14.002]:116
[14.003]:116
[14.004]:116
[14.005]:116
[14.006]:116
[14.007]:116
[14.008]:116
[14.009]:116
[14.010]:116
[14.011]:116
[14.012]:116
[14.013]:116
[14.021]:125
[14.022]:8
[14.025]:200
[14.200]:224
[14.201]:224
[14.202]:160
[14.203]:112
[14.999]:116

TOTAL field nums: '90'

TOTAL valid an2/sub files  :  '19'
TOTAL invalid an2/sub files:  '0'
TOTAL invalid extensions   :  '2'
