imginfo -f ../../data/finger/gray/jp2/003_R02_custom_lossy_nist.jp2
Software Info: "EncID:1 NIST01"
jp2 1 908 1007 8 914356
imginfo -f ../../data/finger/gray/jp2/003_R02_custom_lossless_nist.jp2
Software Info: "EncID:1 NIST01"
jp2 1 908 1007 8 914356
imginfo -f ../../data/finger/gray/jp2/003_R02_fing-1000-lossy_nist.jp2
Software Info: "EncID:1 NIST01"
jp2 1 908 1007 8 914356
imginfo -f ../../data/finger/gray/jp2/003_R02_fing-1000-lossless_nist.jp2
Software Info: "EncID:1 NIST01"
jp2 1 908 1007 8 914356
imginfo -f ../../data/finger/gray/jp2/003_R02_nist.jp2
Software Info: "EncID:1 NIST01"
jp2 1 908 1007 8 914356
imginfo -f ../../data/finger/gray/jp2/007_R02_custom_lossy_nist.jp2
Software Info: "EncID:1 NIST01"
jp2 1 945 1174 8 1109430
imginfo -f ../../data/finger/gray/jp2/007_R02_custom_lossless_nist.jp2
Software Info: "EncID:1 NIST01"
jp2 1 945 1174 8 1109430
imginfo -f ../../data/finger/gray/jp2/007_R02_fing-1000-lossy_nist.jp2
Software Info: "EncID:1 NIST01"
jp2 1 945 1174 8 1109430
imginfo -f ../../data/finger/gray/jp2/007_R02_fing-1000-lossless_nist.jp2
Software Info: "EncID:1 NIST01"
jp2 1 945 1174 8 1109430
imginfo -f ../../data/finger/gray/jp2/007_R02_nist.jp2
Software Info: "EncID:1 NIST01"
jp2 1 945 1174 8 1109430
imginfo -f ../../data/finger/gray/pnm/003_R02_decoded_fing-1000-lossy_nist.pnm
pnm 1 908 1007 8 914356
imginfo -f ../../data/finger/gray/pnm/003_R02_decoded_fing-1000-lossless_nist.pnm
pnm 1 908 1007 8 914356
imginfo -f ../../data/finger/gray/pnm/007_R02_decoded_fing-1000-lossy_nist.pnm
pnm 1 945 1174 8 1109430
imginfo -f ../../data/finger/gray/pnm/007_R02_decoded_fing-1000-lossless_nist.pnm
pnm 1 945 1174 8 1109430
