 Classifier MLP
 Training run
 Patterns file: fv1-9mlp.kls; using all 24300 patterns
 Final pattern-wts: made from provided class-wts and pattern-wts,
  files priors and patwts
 Error function: sum of squares
 Reg. factor: 1.000e-01
 Activation fns. on hidden, output nodes: sinusoid, sinusoid
 Nos. of input, hidden, output nodes: 128, 128, 6
 Boltzmann pruning, thresh. exp(-w^2/T), T 1.000e-05
 Will use SCG
 Initial network weights: from file trn4.wts
 Final network weights will be written as file trn5.wts
 Stopping criteria (max. no. of iterations 50):
  (RMS err) <= 0.000e+00 OR
  (RMS g) <= 0.000e+00 * (RMS w) OR
  (RMS err) > 9.900e-01 * (RMS err 10 iters ago) OR
  (OK - NG count) < (count 10 iters ago) + 1.  (OK level: 0.000)
 Long outfile: trn5l.err

 Given and Actual Prior Weights
   A => 0.036583 0.038025
   L => 0.338497 0.319506
   R => 0.316920 0.306584
   S => 0.000000 0.005597
   T => 0.029482 0.030123
   W => 0.278518 0.300165
 Given/Actual = New Prior Weights
   A -> 0.193897
   L -> 0.213518
   R -> 0.208333
   S -> 0.000000
   T -> 0.197247
   W -> 0.187005

 SCG: doing <= 50 iterations; 17286 variables.

 pruned  9723    68  9791   C  9.43815e+04  H  3.71906e+04  R  60.60  M  -0.00  T  0.0130
     Iter   Err (   Ep    Ew)     OK    UNK     NG      OK   UNK    NG
        0 0.064 (0.059 0.075)  22758      0   1542 =  93.7   0.0   6.3 %
   0.0   87 97 97  0 26 93
 pruned  9769    68  9837   C  8.76825e+04  H  3.67732e+04  R  58.06  M  -0.00  T  0.0131
 pruned  9793    69  9862   C  8.70940e+04  H  3.65651e+04  R  58.02  M  -0.00  T  0.0132
 pruned  9803    69  9872   C  1.18854e+05  H  3.64879e+04  R  69.30  M  -0.00  T  0.0132
 pruned  9809    69  9878   C  1.00995e+05  H  3.64307e+04  R  63.93  M  -0.00  T  0.0133
 pruned  9808    69  9877   C  1.14481e+05  H  3.64587e+04  R  68.15  M  -0.00  T  0.0133
 pruned  9811    66  9877   C  1.17538e+05  H  3.64552e+04  R  68.98  M  -0.00  T  0.0134
 pruned  9791    69  9860   C  1.03215e+05  H  3.66507e+04  R  64.49  M  -0.00  T  0.0135
 pruned  9779    64  9843   C  1.17715e+05  H  3.68151e+04  R  68.73  M  -0.00  T  0.0137
 pruned  9774    66  9840   C  1.06263e+05  H  3.68181e+04  R  65.35  M  -0.00  T  0.0139
 pruned  9727    65  9792   C  1.08116e+05  H  3.72725e+04  R  65.53  M  -0.00  T  0.0140
       10 0.064 (0.059 0.078)  22783      0   1517 =  93.8   0.0   6.2 %
   0.0   86 97 97  0 29 94
 pruned  9748    68  9816   C  1.17216e+05  H  3.70077e+04  R  68.43  M  -0.00  T  0.0143
 pruned  9719    68  9787   C  1.16375e+05  H  3.72675e+04  R  67.98  M  -0.00  T  0.0144
 pruned  9730    68  9798   C  1.07952e+05  H  3.70922e+04  R  65.64  M  -0.00  T  0.0147
 pruned  9726    70  9796   C  1.11128e+05  H  3.70722e+04  R  66.64  M  -0.00  T  0.0148
 pruned  9666    69  9735   C  1.09802e+05  H  3.76457e+04  R  65.71  M  -0.00  T  0.0150
 pruned  9726    70  9796   C  1.22352e+05  H  3.69648e+04  R  69.79  M  -0.00  T  0.0152
 pruned  9609    69  9678   C  1.12755e+05  H  3.81492e+04  R  66.17  M  -0.00  T  0.0152
 pruned  9668    67  9735   C  1.13542e+05  H  3.75468e+04  R  66.93  M  -0.00  T  0.0155
 pruned  9656    68  9724   C  1.17367e+05  H  3.76867e+04  R  67.89  M  -0.00  T  0.0157
 pruned  9656    66  9722   C  1.16411e+05  H  3.77004e+04  R  67.61  M  -0.00  T  0.0158
       20 0.063 (0.058 0.083)  22839      0   1461 =  94.0   0.0   6.0 %
   0.0   88 97 97  0 31 94
 pruned  9700    68  9768   C  1.11843e+05  H  3.72391e+04  R  66.70  M  -0.00  T  0.0161
 pruned  9498    64  9562   C  1.13679e+05  H  3.92748e+04  R  65.45  M  -0.00  T  0.0159
 pruned  9520    66  9586   C  1.19154e+05  H  3.89413e+04  R  67.32  M  -0.00  T  0.0161
 pruned  9443    67  9510   C  1.31002e+05  H  3.96275e+04  R  69.75  M  -0.00  T  0.0161
 pruned  9280    65  9345   C  1.15533e+05  H  4.10645e+04  R  64.46  M  -0.00  T  0.0160
 pruned  8957    58  9015   C  1.23931e+05  H  4.38208e+04  R  64.64  M  -0.00  T  0.0157
 pruned  9090    59  9149   C  1.26678e+05  H  4.22155e+04  R  66.67  M  -0.00  T  0.0161
 pruned  9091    60  9151   C  1.42711e+05  H  4.20306e+04  R  70.55  M  -0.00  T  0.0163
 pruned  9213    60  9273   C  1.23479e+05  H  4.06884e+04  R  67.05  M  -0.00  T  0.0167
 pruned  9141    61  9202   C  1.17930e+05  H  4.13439e+04  R  64.94  M  -0.00  T  0.0167
       30 0.063 (0.057 0.088)  22954      0   1346 =  94.5   0.0   5.5 %
   0.0   89 98 97  0 34 95
 pruned  9230    60  9290   C  1.32187e+05  H  4.03963e+04  R  69.44  M  -0.00  T  0.0170
 pruned  9193    57  9250   C  1.21718e+05  H  4.07852e+04  R  66.49  M  -0.00  T  0.0170
 pruned  9240    61  9301   C  1.24428e+05  H  4.02444e+04  R  67.66  M  -0.00  T  0.0172
 pruned  9310    62  9372   C  1.22765e+05  H  3.94789e+04  R  67.84  M  -0.00  T  0.0174
 pruned  9282    59  9341   C  1.17462e+05  H  3.97935e+04  R  66.12  M  -0.00  T  0.0173
 pruned  9336    61  9397   C  1.17031e+05  H  3.91830e+04  R  66.52  M  -0.00  T  0.0175
 pruned  9333    61  9394   C  1.13597e+05  H  3.92345e+04  R  65.46  M  -0.00  T  0.0175
 pruned  9399    61  9460   C  1.13255e+05  H  3.85329e+04  R  65.98  M  -0.00  T  0.0177
 pruned  9305    60  9365   C  1.20580e+05  H  3.95800e+04  R  67.18  M  -0.00  T  0.0175
 pruned  9382    61  9443   C  1.13664e+05  H  3.87407e+04  R  65.92  M  -0.00  T  0.0177
       40 0.063 (0.056 0.089)  22983      0   1317 =  94.6   0.0   5.4 %
   0.0   88 98 97  0 37 95
 pruned  9330    61  9391   C  1.18411e+05  H  3.93286e+04  R  66.79  M  -0.00  T  0.0175
 pruned  9314    59  9373   C  1.22536e+05  H  3.95081e+04  R  67.76  M  -0.00  T  0.0175
 pruned  9365    62  9427   C  1.16911e+05  H  3.89388e+04  R  66.69  M  -0.00  T  0.0176
 pruned  9350    64  9414   C  1.18263e+05  H  3.91383e+04  R  66.91  M  -0.00  T  0.0176
 pruned  9403    62  9465   C  1.16174e+05  H  3.85642e+04  R  66.80  M  -0.00  T  0.0177
 pruned  9432    64  9496   C  1.09349e+05  H  3.82610e+04  R  65.01  M  -0.00  T  0.0178
 pruned  9434    63  9497   C  1.17600e+05  H  3.82906e+04  R  67.44  M  -0.00  T  0.0178
 pruned  9471    64  9535   C  1.09964e+05  H  3.79031e+04  R  65.53  M  -0.00  T  0.0178
 pruned  9440    60  9500   C  1.26022e+05  H  3.82972e+04  R  69.61  M  -0.00  T  0.0178
 pruned  9466    63  9529   C  1.18044e+05  H  3.79836e+04  R  67.82  M  -0.00  T  0.0178
       50 0.063 (0.056 0.089)  23005      0   1295 =  94.7   0.0   5.3 %
   0.0   88 98 97  0 36 95

 oklvl 0.00
 # Highest two outputs (mean) 0.894 0.093; mean diff 0.801
   key  name
    A   A
    L   L
    R   R
    S   S
    T   T
    W   W
 #  key:      A   L   R   S   T   W
 #  row: correct, column: actual
 #       A: 812  51  40   0  16   5
 #       L:  31 7613  25   0  32  63
 #       R:  47  59 7235   0  39  70
 #       S:   0   0   0   0   0   0
 #       T: 151 165 148   0 267   1
 #       W:   3 203 171   0   0 6917
 #  unknown
 #    *    0   0   0   0   0   0

 percent of true IDs correctly identified (rows)
          88  98  97   0  36  95
percent of predicted IDs correctly identified (cols)
          78  94  95   0  75  98

 #  mean highest activation level
 #  row: correct, column: actual
 #  key:      A   L   R   S   T   W
 #       A:  73  49  47   0  36  40
 #       L:  51  92  48   0  48  55
 #       R:  50  45  93   0  45  57
 #       S: 254 5030 4655   0 171 493
 #       T:  54  59  58   0  50  35
 #       W:  34  62  63   0   0  92
 #  unknown
 #    *    0   0   0   0   0   0

 Histogram of errors, from 2^(-10) to 1
  39156  12212  14008  15216  16288  15106  11651   7889   6301   4987   2986
   26.9    8.4    9.6   10.4   11.2   10.4    8.0    5.4    4.3    3.4    2.0%
 
     Iter   Err (   Ep    Ew)     OK    UNK     NG      OK   UNK    NG
  F    50 0.063 (0.056 0.089)  23005      0   1295 =  94.7   0.0   5.3 %
   0.0   88 98 97  0 36 95

          thresh     right   unknown     wrong   correct  rejected
 1tr    0.000000     23005         0      1295     94.67      0.00
 2tr    0.050000     23005         0      1295     94.67      0.00
 3tr    0.100000     23005         0      1295     94.67      0.00
 4tr    0.150000     23005         0      1295     94.67      0.00
 5tr    0.200000     23005         0      1295     94.67      0.00
 6tr    0.250000     23000        19      1281     94.72      0.08
 7tr    0.300000     22977        80      1243     94.87      0.33
 8tr    0.350000     22906       243      1151     95.22      1.00
 9tr    0.400000     22774       487      1039     95.64      2.00
10tr    0.450000     22607       806       887     96.22      3.32
11tr    0.500000     22373      1184       743     96.79      4.87
12tr    0.525000     22214      1407       679     97.03      5.79
13tr    0.550000     22052      1650       598     97.36      6.79
14tr    0.575000     21903      1871       526     97.65      7.70
15tr    0.600000     21724      2111       465     97.90      8.69
16tr    0.625000     21514      2379       407     98.14      9.79
17tr    0.650000     21297      2651       352     98.37     10.91
18tr    0.675000     21072      2920       308     98.56     12.02
19tr    0.700000     20818      3216       266     98.74     13.23
20tr    0.725000     20525      3548       227     98.91     14.60
21tr    0.750000     20229      3886       185     99.09     15.99
22tr    0.775000     19916      4230       154     99.23     17.41
23tr    0.800000     19572      4600       128     99.35     18.93
24tr    0.810000     19427      4753       120     99.39     19.56
25tr    0.820000     19246      4944       110     99.43     20.35
26tr    0.830000     19073      5122       105     99.45     21.08
27tr    0.840000     18901      5299       100     99.47     21.81
28tr    0.850000     18712      5498        90     99.52     22.63
29tr    0.860000     18522      5695        83     99.55     23.44
30tr    0.870000     18276      5949        75     99.59     24.48
31tr    0.880000     18008      6219        73     99.60     25.59
32tr    0.890000     17724      6510        66     99.63     26.79
33tr    0.900000     17417      6823        60     99.66     28.08
34tr    0.905000     17254      6987        59     99.66     28.75
35tr    0.910000     17098      7145        57     99.67     29.40
36tr    0.915000     16914      7334        52     99.69     30.18
37tr    0.920000     16728      7524        48     99.71     30.96
38tr    0.925000     16520      7736        44     99.73     31.84
39tr    0.930000     16287      7972        41     99.75     32.81
40tr    0.935000     16042      8219        39     99.76     33.82
41tr    0.940000     15739      8524        37     99.77     35.08
42tr    0.945000     15417      8849        34     99.78     36.42
43tr    0.950000     15027      9242        31     99.79     38.03
44tr    0.955000     14637      9636        27     99.82     39.65
45tr    0.960000     14146     10130        24     99.83     41.69
46tr    0.965000     13552     10725        23     99.83     44.14
47tr    0.970000     12920     11359        21     99.84     46.74
48tr    0.975000     12102     12179        19     99.84     50.12
49tr    0.980000     11146     13136        18     99.84     54.06
50tr    0.985000      9952     14333        15     99.85     58.98
51tr    0.990000      8424     15864        12     99.86     65.28
52tr    0.995000      6132     18160         8     99.87     74.73
 Iter 50; ierr 1 : iteration limit
 Used 51 iterations; 151 function calls; Err 0.063; |g|/|w| 1.293e-05
 Rms change in weights  0.028

 User+system time used:  2234.5 (s)  0:37:14.5 (h:m:s)
 Wrote weights as file trn5.wts
