 Classifier MLP
 Testing run
 Patterns file: sv10mlp.kls; using all 2700 patterns
 Final pattern-wts: made from provided class-wts,
  file priors
 Error function: sum of squares
 Reg. factor: 2.000e+00
 Activation fns. on hidden, output nodes: sinusoid, sinusoid
 Nos. of input, hidden, output nodes: 128, 128, 6
 Network weights: from file trn1.wts
 Long outfile not made

 Given and Actual Prior Weights
   A => 0.036583 0.018148
   L => 0.338497 0.296667
   R => 0.316920 0.271111
   S => 0.000000 0.005926
   T => 0.029482 0.030741
   W => 0.278518 0.377407
 Given/Actual = New Prior Weights
   A -> 0.334695
   L -> 0.189447
   R -> 0.194090
   S -> 0.000000
   T -> 0.159237
   W -> 0.122531

 oklvl 0.00
 # Highest two outputs (mean) 0.810 0.149; mean diff 0.661
   key  name
    A   A
    L   L
    R   R
    S   S
    T   T
    W   W
 #  key:      A   L   R   S   T   W
 #  row: correct, column: actual
 #       A:  19  17  12   0   0   1
 #       L:   1 761   9   0   0  30
 #       R:   2  11 695   0   0  24
 #       S:   0   0   0   0   0   0
 #       T:  11  38  33   0   0   1
 #       W:   0  78  90   0   0 851
 #  unknown
 #    *    0   0   0   0   0   0

 percent of true IDs correctly identified (rows)
          39  95  95   0   0  84
percent of predicted IDs correctly identified (cols)
          58  84  83   0   0  94

 #  mean highest activation level
 #  row: correct, column: actual
 #  key:      A   L   R   S   T   W
 #       A:  41  44  48   0   0  36
 #       L:  26  83  53   0   0  57
 #       R:  34  44  85   0   0  53
 #       S:   0 443 330   0   0 152
 #       T:  34  50  48   0   0  37
 #       W:   0  66  60   0   0  88
 #  unknown
 #    *    0   0   0   0   0   0

 Histogram of errors, from 2^(-10) to 1
   1614    970   2103   2026   1951   1680   1448   1384   1340    980    704
   10.0    6.0   13.0   12.5   12.0   10.4    8.9    8.5    8.3    6.0    4.3%
 
     Iter   Err (   Ep    Ew)     OK    UNK     NG      OK   UNK    NG
        0 0.093 (0.074 0.040)   2347      0    353 =  86.9   0.0  13.1 %
   0.0   39 95 95  0  0 84

          thresh     right   unknown     wrong   correct  rejected
 1ts    0.000000      2347         0       353     86.93      0.00
 2ts    0.050000      2347         0       353     86.93      0.00
 3ts    0.100000      2347         0       353     86.93      0.00
 4ts    0.150000      2347         0       353     86.93      0.00
 5ts    0.200000      2347         0       353     86.93      0.00
 6ts    0.250000      2347         0       353     86.93      0.00
 7ts    0.300000      2343        15       342     87.26      0.56
 8ts    0.350000      2315        74       311     88.16      2.74
 9ts    0.400000      2283       145       272     89.35      5.37
10ts    0.450000      2255       217       228     90.82      8.04
11ts    0.500000      2216       294       190     92.10     10.89
12ts    0.525000      2191       327       182     92.33     12.11
13ts    0.550000      2168       378       154     93.37     14.00
14ts    0.575000      2134       434       132     94.17     16.07
15ts    0.600000      2095       485       120     94.58     17.96
16ts    0.625000      2052       549        99     95.40     20.33
17ts    0.650000      2017       597        86     95.91     22.11
18ts    0.675000      1968       663        69     96.61     24.56
19ts    0.700000      1917       723        60     96.97     26.78
20ts    0.725000      1861       786        53     97.23     29.11
21ts    0.750000      1804       852        44     97.62     31.56
22ts    0.775000      1737       934        29     98.36     34.59
23ts    0.800000      1653      1023        24     98.57     37.89
24ts    0.810000      1619      1060        21     98.72     39.26
25ts    0.820000      1594      1088        18     98.88     40.30
26ts    0.830000      1538      1147        15     99.03     42.48
27ts    0.840000      1491      1196        13     99.14     44.30
28ts    0.850000      1450      1239        11     99.25     45.89
29ts    0.860000      1401      1289        10     99.29     47.74
30ts    0.870000      1351      1340         9     99.34     49.63
31ts    0.880000      1297      1396         7     99.46     51.70
32ts    0.890000      1234      1460         6     99.52     54.07
33ts    0.900000      1176      1519         5     99.58     56.26
34ts    0.905000      1156      1539         5     99.57     57.00
35ts    0.910000      1127      1568         5     99.56     58.07
36ts    0.915000      1096      1599         5     99.55     59.22
37ts    0.920000      1059      1636         5     99.53     60.59
38ts    0.925000      1023      1673         4     99.61     61.96
39ts    0.930000       987      1710         3     99.70     63.33
40ts    0.935000       956      1742         2     99.79     64.52
41ts    0.940000       913      1785         2     99.78     66.11
42ts    0.945000       876      1822         2     99.77     67.48
43ts    0.950000       843      1856         1     99.88     68.74
44ts    0.955000       809      1890         1     99.88     70.00
45ts    0.960000       761      1938         1     99.87     71.78
46ts    0.965000       725      1974         1     99.86     73.11
47ts    0.970000       666      2033         1     99.85     75.30
48ts    0.975000       606      2094         0    100.00     77.56
49ts    0.980000       533      2167         0    100.00     80.26
50ts    0.985000       452      2248         0    100.00     83.26
51ts    0.990000       360      2340         0    100.00     86.67
52ts    0.995000       243      2457         0    100.00     91.00

 User+system time used:  1.3 (s)  0:00:01.3 (h:m:s)
