 Classifier MLP
 Testing run
 Patterns file: sv10mlp.kls; using all 2700 patterns
 Final pattern-wts: made from provided class-wts,
  file priors
 Error function: sum of squares
 Reg. factor: 2.000e-01
 Activation fns. on hidden, output nodes: sinusoid, sinusoid
 Nos. of input, hidden, output nodes: 128, 128, 6
 Network weights: from file trn4.wts
 Long outfile not made

 Given and Actual Prior Weights
   A => 0.036583 0.018148
   L => 0.338497 0.296667
   R => 0.316920 0.271111
   S => 0.000000 0.005926
   T => 0.029482 0.030741
   W => 0.278518 0.377407
 Given/Actual = New Prior Weights
   A -> 0.334695
   L -> 0.189447
   R -> 0.194090
   S -> 0.000000
   T -> 0.159237
   W -> 0.122531

 oklvl 0.00
 # Highest two outputs (mean) 0.879 0.101; mean diff 0.778
   key  name
    A   A
    L   L
    R   R
    S   S
    T   T
    W   W
 #  key:      A   L   R   S   T   W
 #  row: correct, column: actual
 #       A:  38   6   3   0   2   0
 #       L:   4 766   4   0   3  24
 #       R:   4   9 695   0   4  20
 #       S:   0   0   0   0   0   0
 #       T:  16  27  19   0  20   1
 #       W:   1  44  26   0   0 948
 #  unknown
 #    *    0   0   0   0   0   0

 percent of true IDs correctly identified (rows)
          78  96  95   0  24  93
percent of predicted IDs correctly identified (cols)
          60  90  93   0  69  95

 #  mean highest activation level
 #  row: correct, column: actual
 #  key:      A   L   R   S   T   W
 #       A:  69  45  51   0  37   0
 #       L:  37  91  53   0  42  58
 #       R:  45  48  92   0  37  60
 #       S:   0 423 369   0  53 130
 #       T:  47  57  59   0  44  34
 #       W:  34  58  61   0   0  92
 #  unknown
 #    *    0   0   0   0   0   0

 Histogram of errors, from 2^(-10) to 1
   4168   1418   1626   1637   1886   1640   1177    834    746    621    447
   25.7    8.8   10.0   10.1   11.6   10.1    7.3    5.1    4.6    3.8    2.8%
 
     Iter   Err (   Ep    Ew)     OK    UNK     NG      OK   UNK    NG
        0 0.067 (0.058 0.075)   2482      0    218 =  91.9   0.0   8.1 %
   0.0   78 96 95  0 24 93

          thresh     right   unknown     wrong   correct  rejected
 1ts    0.000000      2482         0       218     91.93      0.00
 2ts    0.050000      2482         0       218     91.93      0.00
 3ts    0.100000      2482         0       218     91.93      0.00
 4ts    0.150000      2482         0       218     91.93      0.00
 5ts    0.200000      2482         1       217     91.96      0.04
 6ts    0.250000      2482         1       217     91.96      0.04
 7ts    0.300000      2479        10       211     92.16      0.37
 8ts    0.350000      2474        26       200     92.52      0.96
 9ts    0.400000      2456        72       172     93.46      2.67
10ts    0.450000      2433       122       145     94.38      4.52
11ts    0.500000      2407       168       125     95.06      6.22
12ts    0.525000      2393       194       113     95.49      7.19
13ts    0.550000      2371       231        98     96.03      8.56
14ts    0.575000      2351       257        92     96.23      9.52
15ts    0.600000      2321       299        80     96.67     11.07
16ts    0.625000      2300       340        60     97.46     12.59
17ts    0.650000      2274       376        50     97.85     13.93
18ts    0.675000      2243       413        44     98.08     15.30
19ts    0.700000      2224       443        33     98.54     16.41
20ts    0.725000      2180       494        26     98.82     18.30
21ts    0.750000      2150       525        25     98.85     19.44
22ts    0.775000      2098       582        20     99.06     21.56
23ts    0.800000      2048       636        16     99.22     23.56
24ts    0.810000      2033       654        13     99.36     24.22
25ts    0.820000      2017       671        12     99.41     24.85
26ts    0.830000      1992       696        12     99.40     25.78
27ts    0.840000      1972       719         9     99.55     26.63
28ts    0.850000      1953       739         8     99.59     27.37
29ts    0.860000      1926       766         8     99.59     28.37
30ts    0.870000      1902       791         7     99.63     29.30
31ts    0.880000      1871       822         7     99.63     30.44
32ts    0.890000      1845       848         7     99.62     31.41
33ts    0.900000      1818       877         5     99.73     32.48
34ts    0.905000      1807       888         5     99.72     32.89
35ts    0.910000      1787       909         4     99.78     33.67
36ts    0.915000      1764       932         4     99.77     34.52
37ts    0.920000      1747       949         4     99.77     35.15
38ts    0.925000      1706       991         3     99.82     36.70
39ts    0.930000      1685      1012         3     99.82     37.48
40ts    0.935000      1647      1050         3     99.82     38.89
41ts    0.940000      1613      1085         2     99.88     40.19
42ts    0.945000      1578      1120         2     99.87     41.48
43ts    0.950000      1542      1156         2     99.87     42.81
44ts    0.955000      1491      1207         2     99.87     44.70
45ts    0.960000      1442      1256         2     99.86     46.52
46ts    0.965000      1381      1317         2     99.86     48.78
47ts    0.970000      1319      1379         2     99.85     51.07
48ts    0.975000      1230      1468         2     99.84     54.37
49ts    0.980000      1135      1563         2     99.82     57.89
50ts    0.985000      1010      1688         2     99.80     62.52
51ts    0.990000       857      1842         1     99.88     68.22
52ts    0.995000       614      2086         0    100.00     77.26

 User+system time used:  1.3 (s)  0:00:01.3 (h:m:s)
